3958
199 238 199 249
199 226 199 237
199 214 199 225
199 202 199 213
199 190 199 201
199 177 199 188
199 165 199 176
199 153 199 164
199 141 199 152
199 129 199 140
199 117 199 128
199 105 199 116
199 92 199 103
199 70 199 81
199 58 199 69
199 46 199 57
199 34 199 45
199 22 199 33
199 10 199 21
198 238 198 249
198 226 198 237
198 211 198 222
198 199 198 210
198 187 198 198
198 175 198 186
198 160 198 171
198 148 198 159
198 136 198 147
198 124 198 135
198 110 198 121
198 98 198 109
198 86 198 97
198 74 198 85
198 62 198 73
198 45 198 56
198 33 198 44
198 9 198 20
197 238 197 249
197 226 197 237
197 214 197 225
197 198 197 209
197 186 197 197
197 172 197 183
197 160 197 171
197 148 197 159
197 136 197 147
197 124 197 135
197 112 197 123
197 100 197 111
197 88 197 99
197 76 197 87
197 64 197 75
197 49 197 60
197 37 197 48
197 23 197 34
197 11 197 22
196 238 196 249
196 226 196 237
196 214 196 225
196 201 196 212
196 187 196 198
196 175 196 186
196 163 196 174
196 150 196 161
196 130 196 141
196 118 196 129
196 106 196 117
196 94 196 105
196 82 196 93
196 70 196 81
196 55 196 66
196 43 196 54
196 31 196 42
196 19 196 30
196 7 196 18
195 238 195 249
195 226 195 237
195 214 195 225
195 200 195 211
195 185 195 196
195 173 195 184
195 161 195 172
195 149 195 160
195 137 195 148
195 125 195 136
195 113 195 124
195 101 195 112
195 88 195 99
195 76 195 87
195 64 195 75
195 52 195 63
195 40 195 51
195 25 195 36
195 13 195 24
195 1 195 12
194 238 194 249
194 226 194 237
194 211 194 222
194 194 194 205
194 182 194 193
194 170 194 181
194 158 194 169
194 137 194 148
194 125 194 136
194 113 194 124
194 101 194 112
194 89 194 100
194 77 194 88
194 65 194 76
194 53 194 64
194 41 194 52
194 26 194 37
194 14 194 25
194 2 194 13
193 238 193 249
193 226 193 237
193 214 193 225
193 201 193 212
193 187 193 198
193 175 193 186
193 163 193 174
193 151 193 162
193 139 193 150
193 127 193 138
193 115 193 126
193 103 193 114
193 91 193 102
193 79 193 90
193 67 193 78
193 55 193 66
193 43 193 54
193 31 193 42
193 19 193 30
193 7 193 18
192 238 192 249
192 226 192 237
192 214 192 225
192 202 192 213
192 189 192 200
192 177 192 188
192 165 192 176
192 153 192 164
192 141 192 152
192 129 192 140
192 117 192 128
192 102 192 113
192 81 192 92
192 67 192 78
192 55 192 66
192 43 192 54
192 31 192 42
192 19 192 30
192 7 192 18
191 232 191 243
191 220 191 231
191 208 191 219
191 196 191 207
191 175 191 186
191 163 191 174
191 143 191 154
191 131 191 142
191 119 191 130
191 107 191 118
191 95 191 106
191 83 191 94
191 63 191 74
191 51 191 62
191 39 191 50
191 27 191 38
191 15 191 26
191 3 191 14
190 238 190 249
190 226 190 237
190 214 190 225
190 202 190 213
190 190 190 201
190 178 190 189
190 166 190 177
190 154 190 165
190 141 190 152
190 129 190 140
190 117 190 128
190 97 190 108
190 85 190 96
190 73 190 84
190 61 190 72
190 49 190 60
190 37 190 48
190 17 190 28
190 5 190 16
189 238 189 249
189 226 189 237
189 214 189 225
189 202 189 213
189 190 189 201
189 178 189 189
189 166 189 177
189 154 189 165
189 142 189 153
189 129 189 140
189 117 189 128
189 105 189 116
189 93 189 104
189 81 189 92
189 69 189 80
189 57 189 68
189 45 189 56
189 33 189 44
189 21 189 32
189 9 189 20
188 238 188 249
188 226 188 237
188 214 188 225
188 202 188 213
188 190 188 201
188 178 188 189
188 166 188 177
188 154 188 165
188 142 188 153
188 129 188 140
188 117 188 128
188 105 188 116
188 93 188 104
188 81 188 92
188 69 188 80
188 57 188 68
188 45 188 56
188 33 188 44
188 21 188 32
188 9 188 20
187 238 187 249
187 226 187 237
187 214 187 225
187 202 187 213
187 178 187 189
187 166 187 177
187 154 187 165
187 142 187 153
187 130 187 141
187 118 187 129
187 106 187 117
187 84 187 95
187 72 187 83
187 60 187 71
187 48 187 59
187 36 187 47
187 24 187 35
187 12 187 23
187 0 187 11
186 238 186 249
186 226 186 237
186 214 186 225
186 202 186 213
186 190 186 201
186 178 186 189
186 166 186 177
186 154 186 165
186 142 186 153
186 130 186 141
186 118 186 129
186 106 186 117
186 94 186 105
186 82 186 93
186 70 186 81
186 58 186 69
186 46 186 57
186 33 186 44
186 21 186 32
186 9 186 20
185 238 185 249
185 226 185 237
185 214 185 225
185 202 185 213
185 190 185 201
185 178 185 189
185 166 185 177
185 152 185 163
185 140 185 151
185 128 185 139
185 116 185 127
185 104 185 115
185 92 185 103
185 78 185 89
185 66 185 77
185 54 185 65
185 42 185 53
185 30 185 41
185 14 185 25
185 2 185 13
184 238 184 249
184 226 184 237
184 214 184 225
184 202 184 213
184 190 184 201
184 169 184 180
184 157 184 168
184 143 184 154
184 131 184 142
184 119 184 130
184 107 184 118
184 95 184 106
184 83 184 94
184 67 184 78
184 55 184 66
184 43 184 54
184 31 184 42
184 19 184 30
183 238 183 249
183 226 183 237
183 214 183 225
183 202 183 213
183 190 183 201
183 178 183 189
183 166 183 177
183 154 183 165
183 142 183 153
183 126 183 137
183 114 183 125
183 102 183 113
183 90 183 101
183 78 183 89
183 66 183 77
183 48 183 59
183 36 183 47
183 24 183 35
183 12 183 23
183 0 183 11
182 238 182 249
182 222 182 233
182 210 182 221
182 196 182 207
182 184 182 195
182 172 182 183
182 160 182 171
182 148 182 159
182 136 182 147
182 116 182 127
182 104 182 115
182 92 182 103
182 80 182 91
182 68 182 79
182 56 182 67
182 37 182 48
182 25 182 36
182 13 182 24
182 1 182 12
181 238 181 249
181 226 181 237
181 212 181 223
181 200 181 211
181 188 181 199
181 176 181 187
181 164 181 175
181 152 181 163
181 140 181 151
181 128 181 139
181 116 181 127
181 104 181 115
181 92 181 103
181 80 181 91
181 68 181 79
181 51 181 62
181 39 181 50
181 27 181 38
181 15 181 26
181 3 181 14
180 238 180 249
180 226 180 237
180 214 180 225
180 202 180 213
180 190 180 201
180 178 180 189
180 165 180 176
180 153 180 164
180 141 180 152
180 128 180 139
180 116 180 127
180 104 180 115
180 92 180 103
180 80 180 91
180 68 180 79
180 56 180 67
180 44 180 55
180 32 180 43
180 20 180 31
180 8 180 19
179 238 179 249
179 226 179 237
179 214 179 225
179 202 179 213
179 190 179 201
179 178 179 189
179 166 179 177
179 154 179 165
179 142 179 153
179 130 179 141
179 118 179 129
179 106 179 117
179 94 179 105
179 82 179 93
179 70 179 81
179 58 179 69
179 46 179 57
179 34 179 45
179 22 179 33
179 10 179 21
178 238 178 249
178 226 178 237
178 214 178 225
178 202 178 213
178 190 178 201
178 178 178 189
178 166 178 177
178 152 178 163
178 133 178 144
178 121 178 132
178 109 178 120
178 97 178 108
178 85 178 96
178 73 178 84
178 60 178 71
178 48 178 59
178 36 178 47
178 24 178 35
178 12 178 23
178 0 178 11
177 238 177 249
177 226 177 237
177 214 177 225
177 202 177 213
177 190 177 201
177 176 177 187
177 164 177 175
177 152 177 163
177 140 177 151
177 128 177 139
177 116 177 127
177 104 177 115
177 92 177 103
177 80 177 91
177 68 177 79
177 56 177 67
177 44 177 55
177 32 177 43
177 20 177 31
177 8 177 19
176 238 176 249
176 226 176 237
176 214 176 225
176 202 176 213
176 190 176 201
176 177 176 188
176 165 176 176
176 153 176 164
176 141 176 152
176 129 176 140
176 117 176 128
176 105 176 116
176 93 176 104
176 81 176 92
176 69 176 80
176 54 176 65
176 42 176 53
176 30 176 41
176 18 176 29
176 6 176 17
175 238 175 249
175 226 175 237
175 214 175 225
175 202 175 213
175 190 175 201
175 169 175 180
175 156 175 167
175 144 175 155
175 132 175 143
175 120 175 131
175 108 175 119
175 96 175 107
175 83 175 94
175 71 175 82
175 59 175 70
175 47 175 58
175 35 175 46
175 23 175 34
175 11 175 22
174 238 174 249
174 226 174 237
174 214 174 225
174 202 174 213
174 190 174 201
174 178 174 189
174 166 174 177
174 154 174 165
174 142 174 153
174 130 174 141
174 118 174 129
174 106 174 117
174 94 174 105
174 82 174 93
174 70 174 81
174 58 174 69
174 46 174 57
174 34 174 45
174 22 174 33
174 10 174 21
173 238 173 249
173 226 173 237
173 214 173 225
173 187 173 198
173 174 173 185
173 162 173 173
173 147 173 158
173 135 173 146
173 123 173 134
173 101 173 112
173 88 173 99
173 76 173 87
173 64 173 75
173 52 173 63
173 40 173 51
173 28 173 39
173 16 173 27
173 4 173 15
172 235 172 246
172 223 172 234
172 211 172 222
172 199 172 210
172 187 172 198
172 175 172 186
172 159 172 170
172 147 172 158
172 134 172 145
172 122 172 133
172 110 172 121
172 98 172 109
172 86 172 97
172 74 172 85
172 61 172 72
172 49 172 60
172 37 172 48
172 25 172 36
172 13 172 24
172 1 172 12
171 238 171 249
171 226 171 237
171 214 171 225
171 194 171 205
171 182 171 193
171 170 171 181
171 158 171 169
171 146 171 157
171 134 171 145
171 122 171 133
171 110 171 121
171 98 171 109
171 86 171 97
171 74 171 85
171 62 171 73
171 50 171 61
171 38 171 49
171 26 171 37
171 14 171 25
171 2 171 13
170 238 170 249
170 226 170 237
170 210 170 221
170 196 170 207
170 184 170 195
170 172 170 183
170 160 170 171
170 148 170 159
170 136 170 147
170 124 170 135
170 112 170 123
170 100 170 111
170 87 170 98
170 75 170 86
170 63 170 74
170 51 170 62
170 39 170 50
170 27 170 38
170 15 170 26
170 3 170 14
169 238 169 249
169 226 169 237
169 214 169 225
169 202 169 213
169 190 169 201
169 178 169 189
169 166 169 177
169 154 169 165
169 142 169 153
169 130 169 141
169 118 169 129
169 104 169 115
169 92 169 103
169 76 169 87
169 64 169 75
169 52 169 63
169 40 169 51
169 28 169 39
169 16 169 27
169 3 169 14
168 238 168 249
168 226 168 237
168 214 168 225
168 202 168 213
168 190 168 201
168 178 168 189
168 166 168 177
168 154 168 165
168 142 168 153
168 126 168 137
168 114 168 125
168 99 168 110
168 87 168 98
168 75 168 86
168 63 168 74
168 51 168 62
168 39 168 50
168 27 168 38
168 15 168 26
168 2 168 13
167 238 167 249
167 226 167 237
167 214 167 225
167 202 167 213
167 190 167 201
167 178 167 189
167 166 167 177
167 154 167 165
167 142 167 153
167 130 167 141
167 118 167 129
167 106 167 117
167 94 167 105
167 82 167 93
167 70 167 81
167 58 167 69
167 46 167 57
167 34 167 45
167 22 167 33
167 10 167 21
166 238 166 249
166 226 166 237
166 214 166 225
166 202 166 213
166 190 166 201
166 178 166 189
166 166 166 177
166 154 166 165
166 138 166 149
166 126 166 137
166 108 166 119
166 96 166 107
166 84 166 95
166 71 166 82
166 59 166 70
166 47 166 58
166 29 166 40
166 17 166 28
166 5 166 16
165 237 165 248
165 225 165 236
165 212 165 223
165 200 165 211
165 188 165 199
165 174 165 185
165 159 165 170
165 147 165 158
165 135 165 146
165 123 165 134
165 111 165 122
165 99 165 110
165 73 165 84
165 61 165 72
165 49 165 60
165 37 165 48
165 25 165 36
165 13 165 24
165 1 165 12
164 238 164 249
164 226 164 237
164 214 164 225
164 202 164 213
164 190 164 201
164 178 164 189
164 166 164 177
164 154 164 165
164 142 164 153
164 127 164 138
164 115 164 126
164 103 164 114
164 91 164 102
164 78 164 89
164 66 164 77
164 54 164 65
164 42 164 53
164 30 164 41
164 18 164 29
164 6 164 17
163 238 163 249
163 226 163 237
163 214 163 225
163 202 163 213
163 190 163 201
163 178 163 189
163 165 163 176
163 153 163 164
163 139 163 150
163 127 163 138
163 115 163 126
163 103 163 114
163 91 163 102
163 77 163 88
163 65 163 76
163 53 163 64
163 37 163 48
163 25 163 36
163 13 163 24
163 1 163 12
162 238 162 249
162 223 162 234
162 211 162 222
162 199 162 210
162 187 162 198
162 175 162 186
162 160 162 171
162 148 162 159
162 136 162 147
162 124 162 135
162 112 162 123
162 100 162 111
162 88 162 99
162 76 162 87
162 64 162 75
162 52 162 63
162 40 162 51
162 28 162 39
162 16 162 27
162 4 162 15
161 238 161 249
161 226 161 237
161 211 161 222
161 199 161 210
161 187 161 198
161 175 161 186
161 162 161 173
161 150 161 161
161 138 161 149
161 126 161 137
161 114 161 125
161 102 161 113
161 90 161 101
161 78 161 89
161 65 161 76
161 53 161 64
161 41 161 52
161 29 161 40
161 17 161 28
161 5 161 16
160 238 160 249
160 226 160 237
160 214 160 225
160 202 160 213
160 190 160 201
160 174 160 185
160 162 160 173
160 150 160 161
160 138 160 149
160 126 160 137
160 114 160 125
160 102 160 113
160 90 160 101
160 78 160 89
160 66 160 77
160 54 160 65
160 39 160 50
160 27 160 38
160 8 160 19
159 238 159 249
159 226 159 237
159 214 159 225
159 202 159 213
159 190 159 201
159 178 159 189
159 166 159 177
159 154 159 165
159 136 159 147
159 124 159 135
159 111 159 122
159 99 159 110
159 87 159 98
159 75 159 86
159 63 159 74
159 51 159 62
159 39 159 50
159 27 159 38
159 15 159 26
159 3 159 14
158 238 158 249
158 226 158 237
158 214 158 225
158 202 158 213
158 190 158 201
158 178 158 189
158 166 158 177
158 154 158 165
158 142 158 153
158 130 158 141
158 118 158 129
158 106 158 117
158 94 158 105
158 82 158 93
158 70 158 81
158 58 158 69
158 46 158 57
158 34 158 45
158 22 158 33
158 10 158 21
157 238 157 249
157 226 157 237
157 214 157 225
157 202 157 213
157 190 157 201
157 178 157 189
157 166 157 177
157 154 157 165
157 142 157 153
157 130 157 141
157 118 157 129
157 106 157 117
157 94 157 105
157 82 157 93
157 69 157 80
157 57 157 68
157 44 157 55
157 32 157 43
157 20 157 31
157 8 157 19
156 238 156 249
156 226 156 237
156 206 156 217
156 194 156 205
156 182 156 193
156 170 156 181
156 150 156 161
156 138 156 149
156 126 156 137
156 114 156 125
156 102 156 113
156 90 156 101
156 78 156 89
156 66 156 77
156 54 156 65
156 42 156 53
156 30 156 41
156 18 156 29
156 6 156 17
155 238 155 249
155 226 155 237
155 214 155 225
155 202 155 213
155 190 155 201
155 178 155 189
155 166 155 177
155 154 155 165
155 142 155 153
155 130 155 141
155 118 155 129
155 106 155 117
155 94 155 105
155 82 155 93
155 70 155 81
155 58 155 69
155 46 155 57
155 34 155 45
155 22 155 33
155 10 155 21
154 238 154 249
154 226 154 237
154 214 154 225
154 202 154 213
154 182 154 193
154 170 154 181
154 158 154 169
154 146 154 157
154 134 154 145
154 122 154 133
154 110 154 121
154 98 154 109
154 78 154 89
154 66 154 77
154 54 154 65
154 42 154 53
154 22 154 33
154 6 154 17
153 238 153 249
153 226 153 237
153 214 153 225
153 202 153 213
153 190 153 201
153 178 153 189
153 166 153 177
153 154 153 165
153 142 153 153
153 130 153 141
153 118 153 129
153 106 153 117
153 94 153 105
153 82 153 93
153 70 153 81
153 58 153 69
153 46 153 57
153 33 153 44
153 21 153 32
153 9 153 20
152 238 152 249
152 216 152 227
152 204 152 215
152 192 152 203
152 180 152 191
152 168 152 179
152 154 152 165
152 142 152 153
152 130 152 141
152 118 152 129
152 106 152 117
152 88 152 99
152 76 152 87
152 64 152 75
152 52 152 63
152 40 152 51
152 28 152 39
152 16 152 27
152 4 152 15
151 236 151 247
151 224 151 235
151 212 151 223
151 200 151 211
151 188 151 199
151 165 151 176
151 153 151 164
151 141 151 152
151 129 151 140
151 117 151 128
151 105 151 116
151 93 151 104
151 80 151 91
151 68 151 79
151 56 151 67
151 44 151 55
151 32 151 43
151 20 151 31
151 8 151 19
150 238 150 249
150 225 150 236
150 213 150 224
150 201 150 212
150 189 150 200
150 177 150 188
150 155 150 166
150 138 150 149
150 126 150 137
150 114 150 125
150 102 150 113
150 89 150 100
150 77 150 88
150 65 150 76
150 53 150 64
150 41 150 52
150 29 150 40
150 17 150 28
150 5 150 16
149 238 149 249
149 226 149 237
149 214 149 225
149 202 149 213
149 190 149 201
149 178 149 189
149 166 149 177
149 154 149 165
149 142 149 153
149 126 149 137
149 114 149 125
149 102 149 113
149 90 149 101
149 77 149 88
149 65 149 76
149 51 149 62
149 30 149 41
149 18 149 29
149 6 149 17
148 238 148 249
148 226 148 237
148 214 148 225
148 202 148 213
148 190 148 201
148 178 148 189
148 166 148 177
148 153 148 164
148 141 148 152
148 129 148 140
148 117 148 128
148 105 148 116
148 84 148 95
148 63 148 74
148 51 148 62
148 39 148 50
148 27 148 38
148 15 148 26
148 3 148 14
147 236 147 247
147 224 147 235
147 207 147 218
147 195 147 206
147 183 147 194
147 169 147 180
147 157 147 168
147 143 147 154
147 131 147 142
147 119 147 130
147 107 147 118
147 95 147 106
147 83 147 94
147 71 147 82
147 59 147 70
147 45 147 56
147 33 147 44
147 20 147 31
147 8 147 19
146 238 146 249
146 226 146 237
146 214 146 225
146 202 146 213
146 190 146 201
146 178 146 189
146 166 146 177
146 154 146 165
146 142 146 153
146 130 146 141
146 118 146 129
146 95 146 106
146 83 146 94
146 71 146 82
146 59 146 70
146 47 146 58
146 35 146 46
146 23 146 34
146 11 146 22
145 238 145 249
145 226 145 237
145 214 145 225
145 202 145 213
145 190 145 201
145 178 145 189
145 166 145 177
145 147 145 158
145 135 145 146
145 123 145 134
145 110 145 121
145 98 145 109
145 86 145 97
145 74 145 85
145 60 145 71
145 48 145 59
145 36 145 47
145 24 145 35
145 7 145 18
144 238 144 249
144 224 144 235
144 203 144 214
144 191 144 202
144 179 144 190
144 167 144 178
144 155 144 166
144 143 144 154
144 131 144 142
144 119 144 130
144 107 144 118
144 92 144 103
144 79 144 90
144 67 144 78
144 55 144 66
144 43 144 54
144 31 144 42
144 19 144 30
144 7 144 18
143 238 143 249
143 226 143 237
143 214 143 225
143 202 143 213
143 190 143 201
143 178 143 189
143 166 143 177
143 154 143 165
143 142 143 153
143 130 143 141
143 118 143 129
143 106 143 117
143 94 143 105
143 82 143 93
143 54 143 65
143 42 143 53
143 30 143 41
143 18 143 29
143 6 143 17
142 238 142 249
142 226 142 237
142 214 142 225
142 202 142 213
142 190 142 201
142 177 142 188
142 165 142 176
142 153 142 164
142 141 142 152
142 129 142 140
142 117 142 128
142 105 142 116
142 93 142 104
142 81 142 92
142 63 142 74
142 39 142 50
142 27 142 38
142 15 142 26
142 3 142 14
141 238 141 249
141 226 141 237
141 214 141 225
141 202 141 213
141 190 141 201
141 178 141 189
141 166 141 177
141 154 141 165
141 142 141 153
141 130 141 141
141 118 141 129
141 106 141 117
141 94 141 105
141 82 141 93
141 70 141 81
141 58 141 69
141 46 141 57
141 34 141 45
141 22 141 33
141 10 141 21
140 238 140 249
140 222 140 233
140 210 140 221
140 198 140 209
140 186 140 197
140 174 140 185
140 161 140 172
140 149 140 160
140 137 140 148
140 125 140 136
140 113 140 124
140 101 140 112
140 89 140 100
140 74 140 85
140 62 140 73
140 43 140 54
140 31 140 42
140 19 140 30
140 7 140 18
139 238 139 249
139 226 139 237
139 214 139 225
139 202 139 213
139 190 139 201
139 178 139 189
139 166 139 177
139 151 139 162
139 139 139 150
139 127 139 138
139 115 139 126
139 103 139 114
139 81 139 92
139 69 139 80
139 57 139 68
139 45 139 56
139 33 139 44
139 21 139 32
139 9 139 20
138 238 138 249
138 226 138 237
138 214 138 225
138 202 138 213
138 185 138 196
138 173 138 184
138 161 138 172
138 137 138 148
138 125 138 136
138 113 138 124
138 101 138 112
138 88 138 99
138 76 138 87
138 64 138 75
138 52 138 63
138 40 138 51
138 28 138 39
138 16 138 27
138 4 138 15
137 232 137 243
137 220 137 231
137 208 137 219
137 196 137 207
137 184 137 195
137 172 137 183
137 160 137 171
137 148 137 159
137 136 137 147
137 124 137 135
137 102 137 113
137 83 137 94
137 71 137 82
137 59 137 70
137 47 137 58
137 35 137 46
137 23 137 34
137 11 137 22
136 238 136 249
136 226 136 237
136 214 136 225
136 202 136 213
136 187 136 198
136 175 136 186
136 163 136 174
136 151 136 162
136 139 136 150
136 127 136 138
136 115 136 126
136 101 136 112
136 89 136 100
136 77 136 88
136 63 136 74
136 51 136 62
136 35 136 46
136 23 136 34
136 0 136 11
135 238 135 249
135 226 135 237
135 214 135 225
135 202 135 213
135 190 135 201
135 178 135 189
135 166 135 177
135 154 135 165
135 142 135 153
135 119 135 130
135 107 135 118
135 95 135 106
135 83 135 94
135 71 135 82
135 59 135 70
135 47 135 58
135 34 135 45
135 22 135 33
135 10 135 21
134 238 134 249
134 226 134 237
134 214 134 225
134 197 134 208
134 185 134 196
134 173 134 184
134 161 134 172
134 149 134 160
134 121 134 132
134 109 134 120
134 97 134 108
134 85 134 96
134 73 134 84
134 61 134 72
134 49 134 60
134 37 134 48
134 25 134 36
134 13 134 24
133 238 133 249
133 226 133 237
133 214 133 225
133 202 133 213
133 190 133 201
133 178 133 189
133 166 133 177
133 154 133 165
133 142 133 153
133 130 133 141
133 118 133 129
133 105 133 116
133 89 133 100
133 70 133 81
133 57 133 68
133 45 133 56
133 33 133 44
133 21 133 32
133 9 133 20
132 227 132 238
132 215 132 226
132 203 132 214
132 191 132 202
132 177 132 188
132 153 132 164
132 141 132 152
132 129 132 140
132 117 132 128
132 105 132 116
132 93 132 104
132 81 132 92
132 69 132 80
132 57 132 68
132 45 132 56
132 33 132 44
132 21 132 32
132 9 132 20
131 238 131 249
131 226 131 237
131 214 131 225
131 202 131 213
131 190 131 201
131 174 131 185
131 162 131 173
131 150 131 161
131 138 131 149
131 116 131 127
131 104 131 115
131 92 131 103
131 80 131 91
131 68 131 79
131 56 131 67
131 44 131 55
131 32 131 43
131 20 131 31
131 5 131 16
130 238 130 249
130 226 130 237
130 214 130 225
130 202 130 213
130 190 130 201
130 178 130 189
130 166 130 177
130 154 130 165
130 142 130 153
130 127 130 138
130 110 130 121
130 98 130 109
130 86 130 97
130 74 130 85
130 62 130 73
130 50 130 61
130 38 130 49
130 26 130 37
130 11 130 22
129 237 129 248
129 225 129 236
129 213 129 224
129 201 129 212
129 189 129 200
129 177 129 188
129 164 129 175
129 152 129 163
129 140 129 151
129 121 129 132
129 109 129 120
129 97 129 108
129 85 129 96
129 69 129 80
129 57 129 68
129 45 129 56
129 32 129 43
129 20 129 31
129 8 129 19
128 238 128 249
128 222 128 233
128 210 128 221
128 197 128 208
128 185 128 196
128 173 128 184
128 161 128 172
128 149 128 160
128 137 128 148
128 125 128 136
128 113 128 124
128 101 128 112
128 89 128 100
128 77 128 88
128 65 128 76
128 53 128 64
128 41 128 52
128 29 128 40
128 17 128 28
128 5 128 16
127 238 127 249
127 226 127 237
127 214 127 225
127 202 127 213
127 188 127 199
127 176 127 187
127 164 127 175
127 151 127 162
127 139 127 150
127 127 127 138
127 115 127 126
127 103 127 114
127 91 127 102
127 77 127 88
127 65 127 76
127 50 127 61
127 38 127 49
127 26 127 37
127 14 127 25
127 2 127 13
126 238 126 249
126 222 126 233
126 210 126 221
126 198 126 209
126 186 126 197
126 165 126 176
126 153 126 164
126 141 126 152
126 129 126 140
126 117 126 128
126 105 126 116
126 93 126 104
126 81 126 92
126 69 126 80
126 55 126 66
126 43 126 54
126 31 126 42
126 19 126 30
126 7 126 18
125 235 125 246
125 223 125 234
125 210 125 221
125 198 125 209
125 186 125 197
125 166 125 177
125 154 125 165
125 139 125 150
125 127 125 138
125 110 125 121
125 98 125 109
125 82 125 93
125 38 125 49
125 26 125 37
125 14 125 25
125 2 125 13
124 238 124 249
124 225 124 236
124 213 124 224
124 201 124 212
124 188 124 199
124 176 124 187
124 164 124 175
124 152 124 163
124 140 124 151
124 128 124 139
124 116 124 127
124 104 124 115
124 92 124 103
124 80 124 91
124 67 124 78
124 55 124 66
124 43 124 54
124 31 124 42
124 11 124 22
123 238 123 249
123 226 123 237
123 212 123 223
123 200 123 211
123 188 123 199
123 176 123 187
123 164 123 175
123 152 123 163
123 140 123 151
123 128 123 139
123 115 123 126
123 103 123 114
123 91 123 102
123 71 123 82
123 59 123 70
123 46 123 57
123 34 123 45
123 22 123 33
123 10 123 21
122 238 122 249
122 226 122 237
122 214 122 225
122 199 122 210
122 187 122 198
122 173 122 184
122 161 122 172
122 149 122 160
122 137 122 148
122 125 122 136
122 113 122 124
122 101 122 112
122 89 122 100
122 77 122 88
122 65 122 76
122 53 122 64
122 41 122 52
122 29 122 40
122 17 122 28
122 5 122 16
121 238 121 249
121 226 121 237
121 214 121 225
121 202 121 213
121 190 121 201
121 176 121 187
121 164 121 175
121 152 121 163
121 140 121 151
121 126 121 137
121 114 121 125
121 102 121 113
121 90 121 101
121 78 121 89
121 66 121 77
121 54 121 65
121 41 121 52
121 29 121 40
121 17 121 28
121 5 121 16
120 238 120 249
120 226 120 237
120 214 120 225
120 202 120 213
120 190 120 201
120 178 120 189
120 166 120 177
120 152 120 163
120 140 120 151
120 128 120 139
120 116 120 127
120 104 120 115
120 92 120 103
120 80 120 91
120 68 120 79
120 56 120 67
120 44 120 55
120 32 120 43
120 20 120 31
120 8 120 19
119 238 119 249
119 226 119 237
119 214 119 225
119 202 119 213
119 190 119 201
119 178 119 189
119 164 119 175
119 149 119 160
119 137 119 148
119 125 119 136
119 106 119 117
119 94 119 105
119 82 119 93
119 70 119 81
119 58 119 69
119 46 119 57
119 33 119 44
119 21 119 32
119 9 119 20
118 238 118 249
118 225 118 236
118 213 118 224
118 201 118 212
118 189 118 200
118 177 118 188
118 165 118 176
118 153 118 164
118 141 118 152
118 129 118 140
118 117 118 128
118 105 118 116
118 82 118 93
118 70 118 81
118 58 118 69
118 46 118 57
118 34 118 45
118 22 118 33
118 10 118 21
117 238 117 249
117 226 117 237
117 214 117 225
117 202 117 213
117 190 117 201
117 178 117 189
117 166 117 177
117 154 117 165
117 142 117 153
117 129 117 140
117 117 117 128
117 105 117 116
117 93 117 104
117 81 117 92
117 69 117 80
117 57 117 68
117 45 117 56
117 33 117 44
117 18 117 29
117 6 117 17
116 233 116 244
116 216 116 227
116 204 116 215
116 192 116 203
116 180 116 191
116 167 116 178
116 155 116 166
116 143 116 154
116 131 116 142
116 119 116 130
116 107 116 118
116 95 116 106
116 83 116 94
116 71 116 82
116 59 116 70
116 47 116 58
116 34 116 45
116 11 116 22
115 238 115 249
115 226 115 237
115 214 115 225
115 190 115 201
115 178 115 189
115 156 115 167
115 144 115 155
115 132 115 143
115 120 115 131
115 108 115 119
115 96 115 107
115 84 115 95
115 65 115 76
115 53 115 64
115 41 115 52
115 29 115 40
115 17 115 28
115 5 115 16
114 238 114 249
114 216 114 227
114 204 114 215
114 192 114 203
114 180 114 191
114 168 114 179
114 156 114 167
114 144 114 155
114 132 114 143
114 120 114 131
114 108 114 119
114 96 114 107
114 84 114 95
114 72 114 83
114 60 114 71
114 48 114 59
114 36 114 47
114 24 114 35
114 12 114 23
114 0 114 11
113 238 113 249
113 226 113 237
113 214 113 225
113 202 113 213
113 185 113 196
113 173 113 184
113 161 113 172
113 146 113 157
113 134 113 145
113 122 113 133
113 110 113 121
113 98 113 109
113 86 113 97
113 74 113 85
113 62 113 73
113 50 113 61
113 34 113 45
113 22 113 33
113 8 113 19
112 238 112 249
112 226 112 237
112 214 112 225
112 202 112 213
112 190 112 201
112 178 112 189
112 166 112 177
112 154 112 165
112 142 112 153
112 130 112 141
112 118 112 129
112 106 112 117
112 91 112 102
112 79 112 90
112 67 112 78
112 55 112 66
112 43 112 54
112 31 112 42
112 19 112 30
112 7 112 18
111 238 111 249
111 226 111 237
111 214 111 225
111 202 111 213
111 190 111 201
111 178 111 189
111 164 111 175
111 147 111 158
111 135 111 146
111 123 111 134
111 111 111 122
111 99 111 110
111 87 111 98
111 75 111 86
111 63 111 74
111 51 111 62
111 39 111 50
111 24 111 35
111 12 111 23
110 238 110 249
110 224 110 235
110 212 110 223
110 200 110 211
110 188 110 199
110 176 110 187
110 164 110 175
110 152 110 163
110 137 110 148
110 125 110 136
110 113 110 124
110 98 110 109
110 86 110 97
110 72 110 83
110 56 110 67
110 44 110 55
110 32 110 43
110 20 110 31
110 8 110 19
109 238 109 249
109 226 109 237
109 214 109 225
109 191 109 202
109 179 109 190
109 167 109 178
109 155 109 166
109 143 109 154
109 131 109 142
109 119 109 130
109 107 109 118
109 95 109 106
109 83 109 94
109 71 109 82
109 59 109 70
109 47 109 58
109 35 109 46
109 23 109 34
109 11 109 22
108 238 108 249
108 226 108 237
108 214 108 225
108 202 108 213
108 190 108 201
108 178 108 189
108 166 108 177
108 154 108 165
108 142 108 153
108 120 108 131
108 108 108 119
108 96 108 107
108 84 108 95
108 72 108 83
108 60 108 71
108 48 108 59
108 36 108 47
108 20 108 31
108 6 108 17
107 238 107 249
107 226 107 237
107 214 107 225
107 202 107 213
107 188 107 199
107 176 107 187
107 160 107 171
107 148 107 159
107 134 107 145
107 122 107 133
107 110 107 121
107 98 107 109
107 86 107 97
107 74 107 85
107 62 107 73
107 50 107 61
107 38 107 49
107 26 107 37
107 14 107 25
107 2 107 13
106 238 106 249
106 226 106 237
106 214 106 225
106 199 106 210
106 187 106 198
106 175 106 186
106 156 106 167
106 144 106 155
106 132 106 143
106 120 106 131
106 108 106 119
106 96 106 107
106 84 106 95
106 72 106 83
106 56 106 67
106 44 106 55
106 32 106 43
106 20 106 31
106 1 106 12
105 238 105 249
105 226 105 237
105 212 105 223
105 195 105 206
105 182 105 193
105 170 105 181
105 158 105 169
105 146 105 157
105 134 105 145
105 122 105 133
105 110 105 121
105 98 105 109
105 86 105 97
105 74 105 85
105 62 105 73
105 50 105 61
105 38 105 49
105 26 105 37
105 14 105 25
105 2 105 13
104 238 104 249
104 226 104 237
104 214 104 225
104 202 104 213
104 190 104 201
104 178 104 189
104 166 104 177
104 154 104 165
104 142 104 153
104 130 104 141
104 118 104 129
104 106 104 117
104 94 104 105
104 82 104 93
104 70 104 81
104 55 104 66
104 43 104 54
104 31 104 42
104 19 104 30
104 7 104 18
103 238 103 249
103 226 103 237
103 214 103 225
103 202 103 213
103 175 103 186
103 163 103 174
103 151 103 162
103 139 103 150
103 127 103 138
103 106 103 117
103 89 103 100
103 77 103 88
103 65 103 76
103 53 103 64
103 41 103 52
103 29 103 40
103 17 103 28
103 5 103 16
102 238 102 249
102 226 102 237
102 214 102 225
102 202 102 213
102 188 102 199
102 176 102 187
102 164 102 175
102 152 102 163
102 140 102 151
102 128 102 139
102 116 102 127
102 93 102 104
102 81 102 92
102 69 102 80
102 57 102 68
102 45 102 56
102 33 102 44
102 21 102 32
102 9 102 20
101 238 101 249
101 226 101 237
101 214 101 225
101 202 101 213
101 188 101 199
101 174 101 185
101 162 101 173
101 142 101 153
101 130 101 141
101 118 101 129
101 106 101 117
101 94 101 105
101 81 101 92
101 69 101 80
101 57 101 68
101 45 101 56
101 33 101 44
101 21 101 32
101 9 101 20
100 238 100 249
100 226 100 237
100 212 100 223
100 200 100 211
100 188 100 199
100 175 100 186
100 163 100 174
100 151 100 162
100 139 100 150
100 127 100 138
100 115 100 126
100 99 100 110
100 87 100 98
100 75 100 86
100 63 100 74
100 51 100 62
100 37 100 48
100 25 100 36
100 13 100 24
100 1 100 12
99 238 99 249
99 225 99 236
99 212 99 223
99 200 99 211
99 188 99 199
99 176 99 187
99 164 99 175
99 152 99 163
99 140 99 151
99 127 99 138
99 115 99 126
99 103 99 114
99 91 99 102
99 79 99 90
99 67 99 78
99 55 99 66
99 43 99 54
99 31 99 42
99 19 99 30
99 1 99 12
98 238 98 249
98 226 98 237
98 214 98 225
98 201 98 212
98 189 98 200
98 177 98 188
98 165 98 176
98 153 98 164
98 141 98 152
98 129 98 140
98 117 98 128
98 105 98 116
98 93 98 104
98 81 98 92
98 69 98 80
98 57 98 68
98 45 98 56
98 33 98 44
98 21 98 32
98 9 98 20
97 238 97 249
97 226 97 237
97 214 97 225
97 202 97 213
97 190 97 201
97 178 97 189
97 166 97 177
97 154 97 165
97 142 97 153
97 130 97 141
97 118 97 129
97 102 97 113
97 90 97 101
97 78 97 89
97 65 97 76
97 53 97 64
97 41 97 52
97 28 97 39
97 15 97 26
96 238 96 249
96 226 96 237
96 214 96 225
96 202 96 213
96 190 96 201
96 178 96 189
96 166 96 177
96 154 96 165
96 142 96 153
96 129 96 140
96 115 96 126
96 103 96 114
96 91 96 102
96 79 96 90
96 67 96 78
96 55 96 66
96 43 96 54
96 28 96 39
96 16 96 27
96 4 96 15
95 238 95 249
95 226 95 237
95 214 95 225
95 202 95 213
95 190 95 201
95 174 95 185
95 162 95 173
95 150 95 161
95 138 95 149
95 126 95 137
95 114 95 125
95 102 95 113
95 90 95 101
95 78 95 89
95 66 95 77
95 54 95 65
95 42 95 53
95 30 95 41
95 18 95 29
95 6 95 17
94 238 94 249
94 226 94 237
94 214 94 225
94 202 94 213
94 190 94 201
94 178 94 189
94 166 94 177
94 154 94 165
94 142 94 153
94 130 94 141
94 118 94 129
94 106 94 117
94 90 94 101
94 78 94 89
94 66 94 77
94 54 94 65
94 42 94 53
94 30 94 41
94 18 94 29
94 6 94 17
93 235 93 246
93 221 93 232
93 209 93 220
93 197 93 208
93 185 93 196
93 173 93 184
93 161 93 172
93 149 93 160
93 137 93 148
93 125 93 136
93 113 93 124
93 101 93 112
93 89 93 100
93 77 93 88
93 65 93 76
93 53 93 64
93 41 93 52
93 29 93 40
93 17 93 28
93 5 93 16
92 238 92 249
92 213 92 224
92 201 92 212
92 189 92 200
92 177 92 188
92 165 92 176
92 153 92 164
92 141 92 152
92 129 92 140
92 115 92 126
92 103 92 114
92 91 92 102
92 79 92 90
92 67 92 78
92 55 92 66
92 43 92 54
92 31 92 42
92 17 92 28
92 5 92 16
91 238 91 249
91 226 91 237
91 214 91 225
91 202 91 213
91 190 91 201
91 178 91 189
91 166 91 177
91 142 91 153
91 130 91 141
91 118 91 129
91 106 91 117
91 94 91 105
91 82 91 93
91 70 91 81
91 58 91 69
91 44 91 55
91 32 91 43
91 20 91 31
91 8 91 19
90 238 90 249
90 226 90 237
90 211 90 222
90 199 90 210
90 187 90 198
90 175 90 186
90 163 90 174
90 151 90 162
90 139 90 150
90 127 90 138
90 115 90 126
90 103 90 114
90 91 90 102
90 79 90 90
90 67 90 78
90 53 90 64
90 41 90 52
90 29 90 40
90 17 90 28
90 5 90 16
89 238 89 249
89 226 89 237
89 214 89 225
89 197 89 208
89 185 89 196
89 170 89 181
89 158 89 169
89 146 89 157
89 134 89 145
89 122 89 133
89 110 89 121
89 98 89 109
89 86 89 97
89 74 89 85
89 62 89 73
89 47 89 58
89 35 89 46
89 23 89 34
89 4 89 15
88 238 88 249
88 226 88 237
88 214 88 225
88 201 88 212
88 188 88 199
88 176 88 187
88 164 88 175
88 152 88 163
88 140 88 151
88 128 88 139
88 116 88 127
88 102 88 113
88 90 88 101
88 78 88 89
88 66 88 77
88 53 88 64
88 41 88 52
88 29 88 40
88 16 88 27
88 2 88 13
87 238 87 249
87 226 87 237
87 213 87 224
87 201 87 212
87 189 87 200
87 177 87 188
87 165 87 176
87 153 87 164
87 135 87 146
87 123 87 134
87 111 87 122
87 99 87 110
87 87 87 98
87 75 87 86
87 63 87 74
87 51 87 62
87 39 87 50
87 27 87 38
87 15 87 26
87 3 87 14
86 238 86 249
86 226 86 237
86 214 86 225
86 202 86 213
86 190 86 201
86 178 86 189
86 166 86 177
86 154 86 165
86 142 86 153
86 130 86 141
86 118 86 129
86 106 86 117
86 94 86 105
86 82 86 93
86 59 86 70
86 47 86 58
86 35 86 46
86 23 86 34
86 11 86 22
85 238 85 249
85 226 85 237
85 214 85 225
85 202 85 213
85 190 85 201
85 178 85 189
85 166 85 177
85 154 85 165
85 142 85 153
85 130 85 141
85 103 85 114
85 91 85 102
85 79 85 90
85 67 85 78
85 55 85 66
85 43 85 54
85 31 85 42
85 19 85 30
84 238 84 249
84 218 84 229
84 206 84 217
84 187 84 198
84 175 84 186
84 163 84 174
84 151 84 162
84 139 84 150
84 127 84 138
84 113 84 124
84 101 84 112
84 89 84 100
84 72 84 83
84 51 84 62
84 39 84 50
84 23 84 34
84 11 84 22
83 238 83 249
83 226 83 237
83 214 83 225
83 197 83 208
83 185 83 196
83 173 83 184
83 153 83 164
83 140 83 151
83 128 83 139
83 116 83 127
83 104 83 115
83 92 83 103
83 80 83 91
83 68 83 79
83 56 83 67
83 44 83 55
83 32 83 43
83 20 83 31
83 8 83 19
82 238 82 249
82 226 82 237
82 214 82 225
82 202 82 213
82 190 82 201
82 178 82 189
82 166 82 177
82 150 82 161
82 138 82 149
82 126 82 137
82 114 82 125
82 102 82 113
82 90 82 101
82 77 82 88
82 65 82 76
82 53 82 64
82 41 82 52
82 29 82 40
82 17 82 28
82 5 82 16
81 238 81 249
81 226 81 237
81 208 81 219
81 192 81 203
81 180 81 191
81 168 81 179
81 156 81 167
81 141 81 152
81 129 81 140
81 117 81 128
81 105 81 116
81 93 81 104
81 81 81 92
81 66 81 77
81 54 81 65
81 42 81 53
81 30 81 41
81 18 81 29
81 6 81 17
80 238 80 249
80 226 80 237
80 214 80 225
80 202 80 213
80 190 80 201
80 178 80 189
80 166 80 177
80 154 80 165
80 142 80 153
80 129 80 140
80 117 80 128
80 105 80 116
80 93 80 104
80 81 80 92
80 69 80 80
80 57 80 68
80 45 80 56
80 33 80 44
80 21 80 32
80 8 80 19
79 238 79 249
79 226 79 237
79 214 79 225
79 202 79 213
79 189 79 200
79 177 79 188
79 164 79 175
79 150 79 161
79 138 79 149
79 126 79 137
79 114 79 125
79 102 79 113
79 89 79 100
79 74 79 85
79 62 79 73
79 50 79 61
79 38 79 49
79 26 79 37
79 14 79 25
79 2 79 13
78 238 78 249
78 226 78 237
78 214 78 225
78 202 78 213
78 190 78 201
78 178 78 189
78 166 78 177
78 154 78 165
78 141 78 152
78 129 78 140
78 117 78 128
78 105 78 116
78 93 78 104
78 81 78 92
78 69 78 80
78 57 78 68
78 45 78 56
78 33 78 44
78 21 78 32
78 9 78 20
77 238 77 249
77 226 77 237
77 205 77 216
77 193 77 204
77 181 77 192
77 169 77 180
77 157 77 168
77 134 77 145
77 122 77 133
77 108 77 119
77 94 77 105
77 82 77 93
77 70 77 81
77 58 77 69
77 46 77 57
77 34 77 45
77 22 77 33
77 10 77 21
76 238 76 249
76 226 76 237
76 214 76 225
76 202 76 213
76 190 76 201
76 172 76 183
76 160 76 171
76 148 76 159
76 136 76 147
76 124 76 135
76 112 76 123
76 100 76 111
76 88 76 99
76 76 76 87
76 64 76 75
76 52 76 63
76 38 76 49
76 26 76 37
76 14 76 25
76 2 76 13
75 236 75 247
75 224 75 235
75 212 75 223
75 200 75 211
75 188 75 199
75 176 75 187
75 164 75 175
75 151 75 162
75 139 75 150
75 127 75 138
75 115 75 126
75 103 75 114
75 81 75 92
75 69 75 80
75 57 75 68
75 45 75 56
75 33 75 44
75 21 75 32
75 9 75 20
74 238 74 249
74 226 74 237
74 208 74 219
74 196 74 207
74 184 74 195
74 172 74 183
74 160 74 171
74 148 74 159
74 136 74 147
74 124 74 135
74 112 74 123
74 100 74 111
74 87 74 98
74 75 74 86
74 63 74 74
74 51 74 62
74 39 74 50
74 27 74 38
74 15 74 26
74 3 74 14
73 238 73 249
73 226 73 237
73 214 73 225
73 202 73 213
73 190 73 201
73 178 73 189
73 166 73 177
73 144 73 155
73 132 73 143
73 120 73 131
73 108 73 119
73 96 73 107
73 84 73 95
73 72 73 83
73 59 73 70
73 47 73 58
73 33 73 44
73 21 73 32
73 9 73 20
72 238 72 249
72 224 72 235
72 212 72 223
72 200 72 211
72 188 72 199
72 176 72 187
72 164 72 175
72 151 72 162
72 139 72 150
72 127 72 138
72 115 72 126
72 103 72 114
72 91 72 102
72 79 72 90
72 67 72 78
72 55 72 66
72 43 72 54
72 31 72 42
72 19 72 30
72 7 72 18
71 238 71 249
71 226 71 237
71 211 71 222
71 195 71 206
71 183 71 194
71 171 71 182
71 159 71 170
71 147 71 158
71 135 71 146
71 123 71 134
71 111 71 122
71 99 71 110
71 87 71 98
71 75 71 86
71 63 71 74
71 51 71 62
71 39 71 50
71 27 71 38
71 14 71 25
71 2 71 13
70 238 70 249
70 226 70 237
70 214 70 225
70 202 70 213
70 190 70 201
70 178 70 189
70 166 70 177
70 149 70 160
70 137 70 148
70 125 70 136
70 113 70 124
70 101 70 112
70 89 70 100
70 77 70 88
70 65 70 76
70 53 70 64
70 41 70 52
70 29 70 40
70 17 70 28
70 5 70 16
69 238 69 249
69 226 69 237
69 214 69 225
69 202 69 213
69 190 69 201
69 178 69 189
69 166 69 177
69 154 69 165
69 142 69 153
69 130 69 141
69 118 69 129
69 106 69 117
69 86 69 97
69 74 69 85
69 62 69 73
69 50 69 61
69 38 69 49
69 26 69 37
69 14 69 25
69 2 69 13
68 238 68 249
68 226 68 237
68 214 68 225
68 200 68 211
68 188 68 199
68 168 68 179
68 150 68 161
68 138 68 149
68 126 68 137
68 114 68 125
68 102 68 113
68 88 68 99
68 75 68 86
68 63 68 74
68 51 68 62
68 39 68 50
68 27 68 38
68 15 68 26
68 3 68 14
67 238 67 249
67 226 67 237
67 214 67 225
67 202 67 213
67 189 67 200
67 171 67 182
67 159 67 170
67 147 67 158
67 135 67 146
67 123 67 134
67 111 67 122
67 99 67 110
67 87 67 98
67 75 67 86
67 63 67 74
67 51 67 62
67 39 67 50
67 27 67 38
67 15 67 26
67 3 67 14
66 238 66 249
66 226 66 237
66 214 66 225
66 202 66 213
66 188 66 199
66 175 66 186
66 163 66 174
66 151 66 162
66 139 66 150
66 127 66 138
66 115 66 126
66 103 66 114
66 90 66 101
66 78 66 89
66 63 66 74
66 51 66 62
66 39 66 50
66 27 66 38
66 15 66 26
66 3 66 14
65 238 65 249
65 226 65 237
65 214 65 225
65 202 65 213
65 190 65 201
65 178 65 189
65 166 65 177
65 154 65 165
65 142 65 153
65 130 65 141
65 118 65 129
65 106 65 117
65 94 65 105
65 82 65 93
65 70 65 81
65 58 65 69
65 46 65 57
65 34 65 45
65 22 65 33
65 9 65 20
64 238 64 249
64 222 64 233
64 210 64 221
64 198 64 209
64 186 64 197
64 174 64 185
64 162 64 173
64 150 64 161
64 138 64 149
64 126 64 137
64 114 64 125
64 101 64 112
64 89 64 100
64 68 64 79
64 56 64 67
64 44 64 55
64 32 64 43
64 17 64 28
64 1 64 12
63 238 63 249
63 226 63 237
63 214 63 225
63 202 63 213
63 190 63 201
63 169 63 180
63 157 63 168
63 145 63 156
63 133 63 144
63 121 63 132
63 109 63 120
63 97 63 108
63 85 63 96
63 73 63 84
63 61 63 72
63 49 63 60
63 37 63 48
63 25 63 36
63 13 63 24
62 238 62 249
62 226 62 237
62 214 62 225
62 202 62 213
62 189 62 200
62 177 62 188
62 165 62 176
62 153 62 164
62 141 62 152
62 113 62 124
62 101 62 112
62 89 62 100
62 77 62 88
62 62 62 73
62 50 62 61
62 38 62 49
62 26 62 37
62 14 62 25
62 2 62 13
61 238 61 249
61 226 61 237
61 214 61 225
61 202 61 213
61 190 61 201
61 178 61 189
61 166 61 177
61 154 61 165
61 142 61 153
61 130 61 141
61 118 61 129
61 106 61 117
61 94 61 105
61 75 61 86
61 63 61 74
61 51 61 62
61 39 61 50
61 23 61 34
61 11 61 22
60 238 60 249
60 226 60 237
60 214 60 225
60 202 60 213
60 190 60 201
60 175 60 186
60 163 60 174
60 151 60 162
60 139 60 150
60 127 60 138
60 106 60 117
60 86 60 97
60 74 60 85
60 62 60 73
60 50 60 61
60 38 60 49
60 26 60 37
60 14 60 25
59 238 59 249
59 212 59 223
59 193 59 204
59 181 59 192
59 169 59 180
59 155 59 166
59 143 59 154
59 131 59 142
59 118 59 129
59 106 59 117
59 94 59 105
59 82 59 93
59 70 59 81
59 58 59 69
59 46 59 57
59 34 59 45
59 22 59 33
59 10 59 21
58 238 58 249
58 226 58 237
58 214 58 225
58 202 58 213
58 190 58 201
58 178 58 189
58 166 58 177
58 154 58 165
58 142 58 153
58 127 58 138
58 115 58 126
58 103 58 114
58 91 58 102
58 79 58 90
58 67 58 78
58 55 58 66
58 43 58 54
58 31 58 42
58 13 58 24
58 0 58 11
57 238 57 249
57 226 57 237
57 214 57 225
57 202 57 213
57 190 57 201
57 178 57 189
57 166 57 177
57 154 57 165
57 133 57 144
57 121 57 132
57 109 57 120
57 96 57 107
57 84 57 95
57 72 57 83
57 60 57 71
57 48 57 59
57 36 57 47
57 24 57 35
57 11 57 22
56 238 56 249
56 224 56 235
56 212 56 223
56 191 56 202
56 179 56 190
56 167 56 178
56 155 56 166
56 143 56 154
56 130 56 141
56 118 56 129
56 105 56 116
56 93 56 104
56 81 56 92
56 69 56 80
56 57 56 68
56 45 56 56
56 33 56 44
56 16 56 27
56 1 56 12
55 238 55 249
55 221 55 232
55 209 55 220
55 196 55 207
55 184 55 195
55 172 55 183
55 160 55 171
55 148 55 159
55 135 55 146
55 123 55 134
55 110 55 121
55 98 55 109
55 86 55 97
55 70 55 81
55 58 55 69
55 46 55 57
55 34 55 45
55 22 55 33
55 10 55 21
54 238 54 249
54 226 54 237
54 210 54 221
54 194 54 205
54 182 54 193
54 170 54 181
54 158 54 169
54 146 54 157
54 134 54 145
54 122 54 133
54 110 54 121
54 98 54 109
54 86 54 97
54 74 54 85
54 62 54 73
54 49 54 60
54 37 54 48
54 25 54 36
54 13 54 24
54 1 54 12
53 238 53 249
53 226 53 237
53 214 53 225
53 202 53 213
53 190 53 201
53 178 53 189
53 165 53 176
53 148 53 159
53 136 53 147
53 124 53 135
53 112 53 123
53 99 53 110
53 87 53 98
53 75 53 86
53 63 53 74
53 51 53 62
53 39 53 50
53 27 53 38
53 15 53 26
53 3 53 14
52 234 52 245
52 222 52 233
52 210 52 221
52 198 52 209
52 168 52 179
52 156 52 167
52 144 52 155
52 132 52 143
52 118 52 129
52 104 52 115
52 92 52 103
52 80 52 91
52 63 52 74
52 51 52 62
52 31 52 42
52 19 52 30
52 7 52 18
51 238 51 249
51 226 51 237
51 214 51 225
51 202 51 213
51 190 51 201
51 178 51 189
51 166 51 177
51 154 51 165
51 142 51 153
51 130 51 141
51 118 51 129
51 106 51 117
51 94 51 105
51 82 51 93
51 70 51 81
51 51 51 62
51 39 51 50
51 27 51 38
51 15 51 26
51 3 51 14
50 238 50 249
50 226 50 237
50 214 50 225
50 202 50 213
50 190 50 201
50 178 50 189
50 166 50 177
50 154 50 165
50 141 50 152
50 129 50 140
50 117 50 128
50 103 50 114
50 91 50 102
50 79 50 90
50 67 50 78
50 55 50 66
50 43 50 54
50 31 50 42
50 19 50 30
50 3 50 14
49 238 49 249
49 226 49 237
49 214 49 225
49 202 49 213
49 190 49 201
49 178 49 189
49 166 49 177
49 154 49 165
49 142 49 153
49 130 49 141
49 118 49 129
49 106 49 117
49 94 49 105
49 82 49 93
49 70 49 81
49 57 49 68
49 44 49 55
49 31 49 42
49 19 49 30
49 7 49 18
48 238 48 249
48 226 48 237
48 214 48 225
48 202 48 213
48 190 48 201
48 178 48 189
48 166 48 177
48 154 48 165
48 142 48 153
48 130 48 141
48 118 48 129
48 104 48 115
48 92 48 103
48 80 48 91
48 68 48 79
48 56 48 67
48 44 48 55
48 32 48 43
48 20 48 31
47 237 47 248
47 225 47 236
47 213 47 224
47 198 47 209
47 186 47 197
47 174 47 185
47 162 47 173
47 150 47 161
47 138 47 149
47 126 47 137
47 114 47 125
47 102 47 113
47 90 47 101
47 78 47 89
47 66 47 77
47 54 47 65
47 42 47 53
47 29 47 40
47 17 47 28
47 5 47 16
46 238 46 249
46 226 46 237
46 214 46 225
46 202 46 213
46 190 46 201
46 178 46 189
46 166 46 177
46 154 46 165
46 142 46 153
46 130 46 141
46 118 46 129
46 94 46 105
46 82 46 93
46 70 46 81
46 58 46 69
46 46 46 57
46 34 46 45
46 22 46 33
46 10 46 21
45 231 45 242
45 219 45 230
45 206 45 217
45 194 45 205
45 182 45 193
45 170 45 181
45 158 45 169
45 146 45 157
45 134 45 145
45 122 45 133
45 110 45 121
45 98 45 109
45 86 45 97
45 74 45 85
45 62 45 73
45 50 45 61
45 38 45 49
45 26 45 37
45 14 45 25
45 2 45 13
44 238 44 249
44 226 44 237
44 214 44 225
44 202 44 213
44 190 44 201
44 178 44 189
44 166 44 177
44 154 44 165
44 142 44 153
44 130 44 141
44 118 44 129
44 106 44 117
44 94 44 105
44 82 44 93
44 70 44 81
44 58 44 69
44 46 44 57
44 34 44 45
44 22 44 33
44 6 44 17
43 238 43 249
43 226 43 237
43 206 43 217
43 194 43 205
43 182 43 193
43 169 43 180
43 157 43 168
43 145 43 156
43 133 43 144
43 121 43 132
43 109 43 120
43 97 43 108
43 85 43 96
43 73 43 84
43 57 43 68
43 45 43 56
43 30 43 41
43 16 43 27
43 4 43 15
42 235 42 246
42 223 42 234
42 211 42 222
42 199 42 210
42 187 42 198
42 175 42 186
42 163 42 174
42 150 42 161
42 138 42 149
42 126 42 137
42 114 42 125
42 102 42 113
42 90 42 101
42 78 42 89
42 63 42 74
42 51 42 62
42 33 42 44
42 21 42 32
42 7 42 18
41 238 41 249
41 226 41 237
41 214 41 225
41 202 41 213
41 190 41 201
41 178 41 189
41 165 41 176
41 153 41 164
41 141 41 152
41 129 41 140
41 117 41 128
41 105 41 116
41 93 41 104
41 81 41 92
41 69 41 80
41 57 41 68
41 45 41 56
41 33 41 44
41 21 41 32
41 8 41 19
40 238 40 249
40 224 40 235
40 212 40 223
40 200 40 211
40 188 40 199
40 176 40 187
40 163 40 174
40 151 40 162
40 139 40 150
40 127 40 138
40 115 40 126
40 97 40 108
40 85 40 96
40 72 40 83
40 60 40 71
40 48 40 59
40 36 40 47
40 24 40 35
40 12 40 23
39 238 39 249
39 226 39 237
39 214 39 225
39 200 39 211
39 188 39 199
39 176 39 187
39 164 39 175
39 152 39 163
39 140 39 151
39 128 39 139
39 116 39 127
39 104 39 115
39 92 39 103
39 80 39 91
39 67 39 78
39 54 39 65
39 42 39 53
39 28 39 39
39 16 39 27
39 4 39 15
38 238 38 249
38 226 38 237
38 214 38 225
38 199 38 210
38 187 38 198
38 175 38 186
38 160 38 171
38 144 38 155
38 132 38 143
38 119 38 130
38 103 38 114
38 91 38 102
38 79 38 90
38 67 38 78
38 55 38 66
38 43 38 54
38 31 38 42
38 19 38 30
38 7 38 18
37 238 37 249
37 226 37 237
37 214 37 225
37 202 37 213
37 190 37 201
37 176 37 187
37 164 37 175
37 148 37 159
37 136 37 147
37 123 37 134
37 111 37 122
37 99 37 110
37 87 37 98
37 75 37 86
37 60 37 71
37 47 37 58
37 35 37 46
37 23 37 34
37 11 37 22
36 238 36 249
36 226 36 237
36 214 36 225
36 202 36 213
36 190 36 201
36 177 36 188
36 165 36 176
36 153 36 164
36 141 36 152
36 129 36 140
36 117 36 128
36 105 36 116
36 93 36 104
36 81 36 92
36 69 36 80
36 57 36 68
36 45 36 56
36 33 36 44
36 21 36 32
36 3 36 14
35 238 35 249
35 226 35 237
35 214 35 225
35 202 35 213
35 190 35 201
35 174 35 185
35 162 35 173
35 150 35 161
35 138 35 149
35 126 35 137
35 114 35 125
35 102 35 113
35 90 35 101
35 78 35 89
35 65 35 76
35 53 35 64
35 41 35 52
35 28 35 39
35 16 35 27
35 4 35 15
34 238 34 249
34 225 34 236
34 213 34 224
34 201 34 212
34 189 34 200
34 177 34 188
34 165 34 176
34 153 34 164
34 141 34 152
34 129 34 140
34 117 34 128
34 105 34 116
34 83 34 94
34 71 34 82
34 59 34 70
34 47 34 58
34 35 34 46
34 23 34 34
33 236 33 247
33 224 33 235
33 212 33 223
33 183 33 194
33 171 33 182
33 159 33 170
33 147 33 158
33 135 33 146
33 123 33 134
33 111 33 122
33 99 33 110
33 87 33 98
33 75 33 86
33 63 33 74
33 51 33 62
33 39 33 50
33 25 33 36
33 13 33 24
33 1 33 12
32 238 32 249
32 226 32 237
32 214 32 225
32 202 32 213
32 190 32 201
32 178 32 189
32 166 32 177
32 154 32 165
32 142 32 153
32 130 32 141
32 118 32 129
32 106 32 117
32 94 32 105
32 82 32 93
32 70 32 81
32 58 32 69
32 46 32 57
32 34 32 45
32 22 32 33
32 10 32 21
31 238 31 249
31 226 31 237
31 214 31 225
31 202 31 213
31 190 31 201
31 177 31 188
31 165 31 176
31 153 31 164
31 141 31 152
31 129 31 140
31 117 31 128
31 105 31 116
31 93 31 104
31 79 31 90
31 67 31 78
31 55 31 66
31 38 31 49
31 14 31 25
31 2 31 13
30 238 30 249
30 224 30 235
30 212 30 223
30 200 30 211
30 188 30 199
30 176 30 187
30 164 30 175
30 152 30 163
30 140 30 151
30 128 30 139
30 116 30 127
30 104 30 115
30 92 30 103
30 80 30 91
30 68 30 79
30 56 30 67
30 44 30 55
30 32 30 43
30 17 30 28
30 5 30 16
29 238 29 249
29 226 29 237
29 214 29 225
29 202 29 213
29 190 29 201
29 176 29 187
29 164 29 175
29 152 29 163
29 140 29 151
29 128 29 139
29 116 29 127
29 104 29 115
29 92 29 103
29 80 29 91
29 68 29 79
29 56 29 67
29 41 29 52
29 29 29 40
29 17 29 28
29 5 29 16
28 237 28 248
28 225 28 236
28 212 28 223
28 200 28 211
28 188 28 199
28 176 28 187
28 164 28 175
28 152 28 163
28 139 28 150
28 110 28 121
28 98 28 109
28 74 28 85
28 62 28 73
28 50 28 61
28 38 28 49
28 26 28 37
28 14 28 25
28 2 28 13
27 228 27 239
27 216 27 227
27 204 27 215
27 192 27 203
27 180 27 191
27 168 27 179
27 156 27 167
27 144 27 155
27 132 27 143
27 120 27 131
27 108 27 119
27 92 27 103
27 80 27 91
27 62 27 73
27 46 27 57
27 34 27 45
27 22 27 33
27 10 27 21
26 238 26 249
26 226 26 237
26 214 26 225
26 198 26 209
26 186 26 197
26 174 26 185
26 162 26 173
26 150 26 161
26 138 26 149
26 126 26 137
26 114 26 125
26 102 26 113
26 90 26 101
26 78 26 89
26 66 26 77
26 54 26 65
26 42 26 53
26 30 26 41
26 18 26 29
26 6 26 17
25 238 25 249
25 226 25 237
25 213 25 224
25 201 25 212
25 184 25 195
25 172 25 183
25 160 25 171
25 144 25 155
25 132 25 143
25 120 25 131
25 108 25 119
25 96 25 107
25 84 25 95
25 72 25 83
25 60 25 71
25 48 25 59
25 36 25 47
25 24 25 35
25 12 25 23
25 0 25 11
24 238 24 249
24 226 24 237
24 214 24 225
24 202 24 213
24 190 24 201
24 178 24 189
24 164 24 175
24 152 24 163
24 140 24 151
24 128 24 139
24 116 24 127
24 104 24 115
24 92 24 103
24 80 24 91
24 68 24 79
24 56 24 67
24 44 24 55
24 32 24 43
24 20 24 31
24 8 24 19
23 238 23 249
23 226 23 237
23 214 23 225
23 202 23 213
23 190 23 201
23 178 23 189
23 166 23 177
23 154 23 165
23 142 23 153
23 130 23 141
23 105 23 116
23 93 23 104
23 81 23 92
23 69 23 80
23 57 23 68
23 41 23 52
23 29 23 40
23 17 23 28
23 4 23 15
22 238 22 249
22 226 22 237
22 214 22 225
22 202 22 213
22 190 22 201
22 178 22 189
22 166 22 177
22 154 22 165
22 142 22 153
22 130 22 141
22 118 22 129
22 106 22 117
22 94 22 105
22 82 22 93
22 70 22 81
22 58 22 69
22 46 22 57
22 34 22 45
22 22 22 33
22 10 22 21
21 234 21 245
21 222 21 233
21 210 21 221
21 198 21 209
21 181 21 192
21 169 21 180
21 157 21 168
21 145 21 156
21 133 21 144
21 121 21 132
21 109 21 120
21 97 21 108
21 85 21 96
21 73 21 84
21 61 21 72
21 49 21 60
21 37 21 48
21 25 21 36
21 13 21 24
21 1 21 12
20 238 20 249
20 226 20 237
20 214 20 225
20 202 20 213
20 190 20 201
20 178 20 189
20 166 20 177
20 154 20 165
20 141 20 152
20 124 20 135
20 109 20 120
20 97 20 108
20 84 20 95
20 72 20 83
20 60 20 71
20 48 20 59
20 35 20 46
20 23 20 34
20 11 20 22
19 238 19 249
19 226 19 237
19 214 19 225
19 202 19 213
19 190 19 201
19 178 19 189
19 166 19 177
19 154 19 165
19 142 19 153
19 130 19 141
19 118 19 129
19 105 19 116
19 93 19 104
19 81 19 92
19 69 19 80
19 57 19 68
19 45 19 56
19 33 19 44
19 21 19 32
19 9 19 20
18 238 18 249
18 226 18 237
18 214 18 225
18 202 18 213
18 190 18 201
18 178 18 189
18 166 18 177
18 152 18 163
18 140 18 151
18 128 18 139
18 114 18 125
18 102 18 113
18 90 18 101
18 78 18 89
18 66 18 77
18 54 18 65
18 42 18 53
18 30 18 41
18 18 18 29
18 6 18 17
17 238 17 249
17 226 17 237
17 214 17 225
17 202 17 213
17 190 17 201
17 178 17 189
17 166 17 177
17 154 17 165
17 139 17 150
17 127 17 138
17 115 17 126
17 101 17 112
17 89 17 100
17 77 17 88
17 65 17 76
17 53 17 64
17 41 17 52
17 29 17 40
17 17 17 28
17 5 17 16
16 238 16 249
16 217 16 228
16 205 16 216
16 193 16 204
16 181 16 192
16 169 16 180
16 157 16 168
16 145 16 156
16 133 16 144
16 121 16 132
16 109 16 120
16 97 16 108
16 85 16 96
16 73 16 84
16 61 16 72
16 49 16 60
16 37 16 48
16 25 16 36
16 13 16 24
16 1 16 12
15 238 15 249
15 226 15 237
15 214 15 225
15 202 15 213
15 189 15 200
15 177 15 188
15 164 15 175
15 147 15 158
15 135 15 146
15 123 15 134
15 111 15 122
15 99 15 110
15 87 15 98
15 75 15 86
15 63 15 74
15 51 15 62
15 36 15 47
15 24 15 35
15 12 15 23
15 0 15 11
14 238 14 249
14 226 14 237
14 214 14 225
14 202 14 213
14 190 14 201
14 178 14 189
14 166 14 177
14 150 14 161
14 136 14 147
14 124 14 135
14 112 14 123
14 100 14 111
14 88 14 99
14 76 14 87
14 64 14 75
14 52 14 63
14 40 14 51
14 28 14 39
14 16 14 27
14 3 14 14
13 238 13 249
13 226 13 237
13 214 13 225
13 202 13 213
13 190 13 201
13 178 13 189
13 160 13 171
13 148 13 159
13 136 13 147
13 124 13 135
13 112 13 123
13 100 13 111
13 88 13 99
13 76 13 87
13 64 13 75
13 52 13 63
13 40 13 51
13 28 13 39
13 16 13 27
13 4 13 15
12 234 12 245
12 222 12 233
12 210 12 221
12 198 12 209
12 186 12 197
12 174 12 185
12 162 12 173
12 150 12 161
12 138 12 149
12 126 12 137
12 114 12 125
12 102 12 113
12 90 12 101
12 78 12 89
12 65 12 76
12 53 12 64
12 40 12 51
12 28 12 39
12 16 12 27
12 4 12 15
11 238 11 249
11 226 11 237
11 214 11 225
11 202 11 213
11 190 11 201
11 176 11 187
11 164 11 175
11 148 11 159
11 135 11 146
11 123 11 134
11 111 11 122
11 98 11 109
11 86 11 97
11 74 11 85
11 62 11 73
11 50 11 61
11 38 11 49
11 26 11 37
11 14 11 25
11 2 11 13
10 238 10 249
10 226 10 237
10 214 10 225
10 202 10 213
10 190 10 201
10 178 10 189
10 166 10 177
10 154 10 165
10 142 10 153
10 130 10 141
10 118 10 129
10 103 10 114
10 91 10 102
10 79 10 90
10 67 10 78
10 55 10 66
10 43 10 54
10 31 10 42
10 19 10 30
10 7 10 18
9 234 9 245
9 222 9 233
9 210 9 221
9 198 9 209
9 186 9 197
9 174 9 185
9 162 9 173
9 150 9 161
9 138 9 149
9 126 9 137
9 114 9 125
9 102 9 113
9 89 9 100
9 77 9 88
9 65 9 76
9 53 9 64
9 41 9 52
9 29 9 40
9 17 9 28
9 5 9 16
8 238 8 249
8 213 8 224
8 201 8 212
8 189 8 200
8 177 8 188
8 165 8 176
8 153 8 164
8 141 8 152
8 129 8 140
8 117 8 128
8 105 8 116
8 93 8 104
8 81 8 92
8 69 8 80
8 57 8 68
8 45 8 56
8 33 8 44
8 21 8 32
8 9 8 20
7 238 7 249
7 226 7 237
7 214 7 225
7 202 7 213
7 190 7 201
7 178 7 189
7 166 7 177
7 154 7 165
7 142 7 153
7 130 7 141
7 118 7 129
7 106 7 117
7 94 7 105
7 82 7 93
7 70 7 81
7 58 7 69
7 46 7 57
7 34 7 45
7 22 7 33
7 10 7 21
6 238 6 249
6 226 6 237
6 212 6 223
6 200 6 211
6 188 6 199
6 176 6 187
6 164 6 175
6 152 6 163
6 132 6 143
6 120 6 131
6 108 6 119
6 95 6 106
6 83 6 94
6 71 6 82
6 58 6 69
6 46 6 57
6 34 6 45
6 22 6 33
6 10 6 21
5 238 5 249
5 226 5 237
5 214 5 225
5 202 5 213
5 190 5 201
5 178 5 189
5 166 5 177
5 154 5 165
5 142 5 153
5 130 5 141
5 116 5 127
5 104 5 115
5 92 5 103
5 80 5 91
5 68 5 79
5 54 5 65
5 41 5 52
5 29 5 40
5 13 5 24
5 1 5 12
4 238 4 249
4 226 4 237
4 214 4 225
4 202 4 213
4 190 4 201
4 177 4 188
4 158 4 169
4 146 4 157
4 134 4 145
4 122 4 133
4 110 4 121
4 98 4 109
4 86 4 97
4 74 4 85
4 62 4 73
4 50 4 61
4 38 4 49
4 25 4 36
4 13 4 24
4 1 4 12
3 238 3 249
3 226 3 237
3 214 3 225
3 197 3 208
3 185 3 196
3 173 3 184
3 158 3 169
3 146 3 157
3 134 3 145
3 122 3 133
3 110 3 121
3 98 3 109
3 86 3 97
3 74 3 85
3 62 3 73
3 50 3 61
3 37 3 48
3 25 3 36
3 13 3 24
3 1 3 12
2 238 2 249
2 226 2 237
2 214 2 225
2 202 2 213
2 187 2 198
2 175 2 186
2 163 2 174
2 151 2 162
2 139 2 150
2 127 2 138
2 115 2 126
2 103 2 114
2 91 2 102
2 79 2 90
2 67 2 78
2 55 2 66
2 43 2 54
2 31 2 42
2 19 2 30
2 5 2 16
1 237 1 248
1 225 1 236
1 213 1 224
1 201 1 212
1 182 1 193
1 170 1 181
1 158 1 169
1 146 1 157
1 134 1 145
1 122 1 133
1 110 1 121
1 98 1 109
1 86 1 97
1 74 1 85
1 62 1 73
1 50 1 61
1 38 1 49
1 26 1 37
1 14 1 25
1 2 1 13
0 238 0 249
0 226 0 237
0 213 0 224
0 201 0 212
0 189 0 200
0 177 0 188
0 165 0 176
0 153 0 164
0 141 0 152
0 129 0 140
0 117 0 128
0 105 0 116
0 93 0 104
0 81 0 92
0 69 0 80
0 57 0 68
0 45 0 56
0 33 0 44
0 21 0 32
0 9 0 20
198 4 199 8
196 2 197 6
192 2 193 6
188 4 189 8
179 3 180 7
176 1 177 5
174 5 175 9
157 3 158 7
155 1 156 5
153 1 154 5
150 0 151 4
146 3 147 7
144 1 145 5
142 75 143 79
140 2 141 6
134 137 135 141
134 5 135 9
134 0 135 4
132 0 133 4
130 0 131 4
128 0 129 4
125 181 126 185
123 5 124 9
121 0 122 4
118 4 119 8
116 0 117 4
112 2 113 6
110 3 111 7
108 0 109 4
103 0 104 4
101 3 102 7
94 1 95 5
92 0 93 4
90 0 91 4
85 6 86 10
85 1 86 5
83 3 84 7
81 0 82 4
77 4 78 8
72 2 73 6
67 183 68 187
60 5 61 9
60 0 61 4
48 2 49 6
41 2 42 6
37 2 38 6
26 1 27 5
19 4 20 8
17 0 18 4
7 4 8 8
139 0 139 8
137 1 137 9
75 0 75 8
59 1 59 9
57 2 57 10
55 1 55 9
32 1 32 9
22 0 22 8
6 1 6 9
0 0 0 8
189 0 193 1
167 0 171 1
123 0 127 1
76 0 80 1
70 0 74 1
49 0 53 1
44 0 48 1
35 0 39 1
9 0 13 1
173 0 175 3
160 0 162 3
118 0 120 3
96 0 98 3
146 0 149 2
65 0 68 2
198 0 199 3
19 0 20 3
140 0 143 1
110 0 113 1
26 0 34 0
